{
  "l2Key": "0x3b20a2a601e65ecbe582d2e5ddcc424971af161284c48bc837ba30c80c743211",
  "ethereumAddress": "0x85bd5bf97ff8b9af88e6dc774f9a329db33a4e3d",
  "id": "743108476203434045",
  "spotAccount": {
    "createdAt": 1755007667024,
    "status": "NORMAL",
    "unrealizePnlPriceType": "",
    "ethAddress": "",
    "defaultSubAccountId": "0",
    "zkAccountId": "114375",
    "nonce": 1,
    "subAccounts": [
      {
        "subAccountId": "0",
        "l2Key": "0x3b20a2a601e65ecbe582d2e5ddcc424971af161284c48bc837ba30c80c743211",
        "nonce": 5,
        "nonceVersion": 0,
        "changePubKeyStatus": "FINISH"
      }
    ],
    "updatedAt": 1761809863281
  },
  "spotWallets": [
    {
      "userId": "743108476203434045",
      "accountId": "743108476203434045",
      "subAccountId": "0",
      "tokenId": "36",
      "balance": "0.000000000000000000",
      "pendingDepositAmount": "0.000000000000000000",
      "pendingWithdrawAmount": "0.000000000000000000",
      "pendingTransferOutAmount": "0.000000000000000000",
      "pendingTransferInAmount": "0.000000000000000000",
      "createdAt": 1758351858133,
      "updatedAt": 1758518233333
    },
    {
      "userId": "2015544827256782848",
      "accountId": "743108476203434045",
      "subAccountId": "0",
      "tokenId": "141",
      "balance": "2.000000000000000001",
      "pendingDepositAmount": "0.000000000000000000",
      "pendingWithdrawAmount": "0.000000000000000000",
      "pendingTransferOutAmount": "0.000000000000000000",
      "pendingTransferInAmount": "0.000000000000000000",
      "createdAt": 1755007667448,
      "updatedAt": 1761809848384
    }
  ],
  "contractAccount": {
    "createdAt": 1755007675309,
    "takerFeeRate": "0.0005",
    "makerFeeRate": "0.0002",
    "minInitialMarginRate": "0",
    "status": "NORMAL",
    "unrealizePnlPriceType": "MARK_PRICE",
    "vipTakerFeeRate": "0.00047500",
    "vipMakerFeeRate": "0.00019000",
    "subAccountInfo": null
  },
  "contractWallets": [
    {
      "userId": "2015544827256782848",
      "accountId": "743108476203434045",
      "balance": "0.000000000000000000",
      "token": "ETH",
      "pendingDepositAmount": "0",
      "pendingWithdrawAmount": "0",
      "pendingTransferOutAmount": "0",
      "pendingTransferInAmount": "0"
    },
    {
      "userId": "2015544827256782848",
      "accountId": "743108476203434045",
      "balance": "-1633.832716411963755137",
      "token": "USDT",
      "pendingDepositAmount": "0",
      "pendingWithdrawAmount": "0",
      "pendingTransferOutAmount": "0",
      "pendingTransferInAmount": "0.000000000000000000"
    }
  ],
  "omniSwapAccount": {
    "id": "",
    "l2Key": "",
    "status": "",
    "feeRate": ""
  },
  "omniSwapWallets": null,
  "positions": [
    {
      "token": "",
      "symbol": "APEX-USDT",
      "status": "",
      "side": "LONG",
      "size": "0",
      "entryPrice": "0.00",
      "exitPrice": "",
      "createdAt": 1764410743967,
      "updatedTime": 1764410743967,
      "fee": "0",
      "fundingFee": "0",
      "lightNumbers": "",
      "customInitialMarginRate": "0"
    },
    {
      "token": "",
      "symbol": "APEX-USDT",
      "status": "",
      "side": "SHORT",
      "size": "0",
      "entryPrice": "0.00",
      "exitPrice": "",
      "createdAt": 1764410743967,
      "updatedTime": 1764410743967,
      "fee": "0",
      "fundingFee": "0",
      "lightNumbers": "",
      "customInitialMarginRate": "0"
    },
    {
      "token": "",
      "symbol": "BTC-USDT",
      "status": "",
      "side": "LONG",
      "size": "0",
      "entryPrice": "0.00",
      "exitPrice": "",
      "createdAt": 1764410743967,
      "updatedTime": 1765469571693,
      "fee": "0",
      "fundingFee": "0",
      "lightNumbers": "",
      "customInitialMarginRate": "0.05000"
    },
    {
      "token": "",
      "symbol": "BTC-USDT",
      "status": "",
      "side": "SHORT",
      "size": "0",
      "entryPrice": "0.00",
      "exitPrice": "",
      "createdAt": 1764410743967,
      "updatedTime": 1764410743967,
      "fee": "0",
      "fundingFee": "0",
      "lightNumbers": "",
      "customInitialMarginRate": "0.05000"
    },
    {
      "token": "",
      "symbol": "PAXG-USDT",
      "status": "",
      "side": "LONG",
      "size": "1.600",
      "entryPrice": "4347",
      "exitPrice": "",
      "createdAt": 1764410743967,
      "updatedTime": 1765541255366,
      "fee": "1.321488000000000000",
      "fundingFee": "-47.444375116750400000",
      "lightNumbers": "",
      "customInitialMarginRate": "0.05555"
    },
    {
      "token": "",
      "symbol": "PAXG-USDT",
      "status": "",
      "side": "SHORT",
      "size": "0.000",
      "entryPrice": "0.00",
      "exitPrice": "",
      "createdAt": 1764410743967,
      "updatedTime": 1764410743967,
      "fee": "0.000000000000000000",
      "fundingFee": "0.000000000000000000",
      "lightNumbers": "",
      "customInitialMarginRate": "0.05555"
    },
    {
      "token": "",
      "symbol": "ETH-USDT",
      "status": "",
      "side": "LONG",
      "size": "0",
      "entryPrice": "0.00",
      "exitPrice": "",
      "createdAt": 1764933368379,
      "updatedTime": 1764933368379,
      "fee": "0",
      "fundingFee": "0",
      "lightNumbers": "",
      "customInitialMarginRate": "0.20000"
    },
    {
      "token": "",
      "symbol": "ETH-USDT",
      "status": "",
      "side": "SHORT",
      "size": "0",
      "entryPrice": "0.00",
      "exitPrice": "",
      "createdAt": 1764933368379,
      "updatedTime": 1764933368379,
      "fee": "0",
      "fundingFee": "0",
      "lightNumbers": "",
      "customInitialMarginRate": "0.20000"
    },
    {
      "token": "",
      "symbol": "SOL-USDT",
      "status": "",
      "side": "LONG",
      "size": "0",
      "entryPrice": "0.00",
      "exitPrice": "",
      "createdAt": 1764410743967,
      "updatedTime": 1764410743967,
      "fee": "0",
      "fundingFee": "0",
      "lightNumbers": "",
      "customInitialMarginRate": "0"
    },
    {
      "token": "",
      "symbol": "SOL-USDT",
      "status": "",
      "side": "SHORT",
      "size": "0",
      "entryPrice": "0.00",
      "exitPrice": "",
      "createdAt": 1764410743967,
      "updatedTime": 1764410743967,
      "fee": "0",
      "fundingFee": "0",
      "lightNumbers": "",
      "customInitialMarginRate": "0"
    }
  ]
}